[0.018s] Invoking command in '/home/mihret-k/Desktop/RE_1st/Research Track/Practice/ros2_ws/src/assignment1_rt/build/assignment1_rt': CMAKE_PREFIX_PATH=${CMAKE_PREFIX_PATH}:/opt/ros/jazzy DEBUGINFOD_URLS=https://debuginfod.ubuntu.com /usr/bin/cmake --build /home/mihret-k/Desktop/RE_1st/Research Track/Practice/ros2_ws/src/assignment1_rt/build/assignment1_rt -- -j16 -l16
[0.099s] Invoked command in '/home/mihret-k/Desktop/RE_1st/Research Track/Practice/ros2_ws/src/assignment1_rt/build/assignment1_rt' returned '0': CMAKE_PREFIX_PATH=${CMAKE_PREFIX_PATH}:/opt/ros/jazzy DEBUGINFOD_URLS=https://debuginfod.ubuntu.com /usr/bin/cmake --build /home/mihret-k/Desktop/RE_1st/Research Track/Practice/ros2_ws/src/assignment1_rt/build/assignment1_rt -- -j16 -l16
[0.120s] Invoking command in '/home/mihret-k/Desktop/RE_1st/Research Track/Practice/ros2_ws/src/assignment1_rt/build/assignment1_rt': CMAKE_PREFIX_PATH=${CMAKE_PREFIX_PATH}:/opt/ros/jazzy DEBUGINFOD_URLS=https://debuginfod.ubuntu.com /usr/bin/cmake --install /home/mihret-k/Desktop/RE_1st/Research Track/Practice/ros2_ws/src/assignment1_rt/build/assignment1_rt
[0.135s] -- Install configuration: ""
[0.135s] -- Up-to-date: /home/mihret-k/Desktop/RE_1st/Research Track/Practice/ros2_ws/src/assignment1_rt/install/assignment1_rt/share/ament_index/resource_index/package_run_dependencies/assignment1_rt
[0.136s] -- Up-to-date: /home/mihret-k/Desktop/RE_1st/Research Track/Practice/ros2_ws/src/assignment1_rt/install/assignment1_rt/share/ament_index/resource_index/parent_prefix_path/assignment1_rt
[0.136s] -- Up-to-date: /home/mihret-k/Desktop/RE_1st/Research Track/Practice/ros2_ws/src/assignment1_rt/install/assignment1_rt/share/assignment1_rt/environment/ament_prefix_path.sh
[0.136s] -- Up-to-date: /home/mihret-k/Desktop/RE_1st/Research Track/Practice/ros2_ws/src/assignment1_rt/install/assignment1_rt/share/assignment1_rt/environment/ament_prefix_path.dsv
[0.136s] -- Up-to-date: /home/mihret-k/Desktop/RE_1st/Research Track/Practice/ros2_ws/src/assignment1_rt/install/assignment1_rt/share/assignment1_rt/environment/path.sh
[0.136s] -- Up-to-date: /home/mihret-k/Desktop/RE_1st/Research Track/Practice/ros2_ws/src/assignment1_rt/install/assignment1_rt/share/assignment1_rt/environment/path.dsv
[0.137s] -- Up-to-date: /home/mihret-k/Desktop/RE_1st/Research Track/Practice/ros2_ws/src/assignment1_rt/install/assignment1_rt/share/assignment1_rt/local_setup.bash
[0.137s] -- Up-to-date: /home/mihret-k/Desktop/RE_1st/Research Track/Practice/ros2_ws/src/assignment1_rt/install/assignment1_rt/share/assignment1_rt/local_setup.sh
[0.137s] -- Up-to-date: /home/mihret-k/Desktop/RE_1st/Research Track/Practice/ros2_ws/src/assignment1_rt/install/assignment1_rt/share/assignment1_rt/local_setup.zsh
[0.137s] -- Up-to-date: /home/mihret-k/Desktop/RE_1st/Research Track/Practice/ros2_ws/src/assignment1_rt/install/assignment1_rt/share/assignment1_rt/local_setup.dsv
[0.137s] -- Up-to-date: /home/mihret-k/Desktop/RE_1st/Research Track/Practice/ros2_ws/src/assignment1_rt/install/assignment1_rt/share/assignment1_rt/package.dsv
[0.137s] -- Up-to-date: /home/mihret-k/Desktop/RE_1st/Research Track/Practice/ros2_ws/src/assignment1_rt/install/assignment1_rt/share/ament_index/resource_index/packages/assignment1_rt
[0.137s] -- Up-to-date: /home/mihret-k/Desktop/RE_1st/Research Track/Practice/ros2_ws/src/assignment1_rt/install/assignment1_rt/share/assignment1_rt/cmake/assignment1_rtConfig.cmake
[0.138s] -- Up-to-date: /home/mihret-k/Desktop/RE_1st/Research Track/Practice/ros2_ws/src/assignment1_rt/install/assignment1_rt/share/assignment1_rt/cmake/assignment1_rtConfig-version.cmake
[0.138s] -- Up-to-date: /home/mihret-k/Desktop/RE_1st/Research Track/Practice/ros2_ws/src/assignment1_rt/install/assignment1_rt/share/assignment1_rt/package.xml
[0.139s] Invoked command in '/home/mihret-k/Desktop/RE_1st/Research Track/Practice/ros2_ws/src/assignment1_rt/build/assignment1_rt' returned '0': CMAKE_PREFIX_PATH=${CMAKE_PREFIX_PATH}:/opt/ros/jazzy DEBUGINFOD_URLS=https://debuginfod.ubuntu.com /usr/bin/cmake --install /home/mihret-k/Desktop/RE_1st/Research Track/Practice/ros2_ws/src/assignment1_rt/build/assignment1_rt
