[0.216s] DEBUG:colcon:Command line arguments: ['/usr/bin/colcon', 'build']
[0.216s] DEBUG:colcon:Parsed command line arguments: Namespace(log_base=None, log_level=None, verb_name='build', build_base='build', install_base='install', merge_install=False, symlink_install=False, test_result_base=None, continue_on_error=False, executor='parallel', parallel_workers=16, event_handlers=None, ignore_user_meta=False, metas=['./colcon.meta'], base_paths=['.'], packages_ignore=None, packages_ignore_regex=None, paths=None, packages_up_to=None, packages_up_to_regex=None, packages_above=None, packages_above_and_dependencies=None, packages_above_depth=None, packages_select_by_dep=None, packages_skip_by_dep=None, packages_skip_up_to=None, packages_select_build_failed=False, packages_skip_build_finished=False, packages_select_test_failures=False, packages_skip_test_passed=False, packages_select=None, packages_skip=None, packages_select_regex=None, packages_skip_regex=None, packages_start=None, packages_end=None, allow_overriding=[], cmake_args=None, cmake_target=None, cmake_target_skip_unavailable=False, cmake_clean_cache=False, cmake_clean_first=False, cmake_force_configure=False, ament_cmake_args=None, catkin_cmake_args=None, catkin_skip_building_tests=False, mixin_files=None, mixin=None, verb_parser=<colcon_mixin.mixin.mixin_argument.MixinArgumentDecorator object at 0x7bd2f4177620>, verb_extension=<colcon_core.verb.build.BuildVerb object at 0x7bd2f4176fc0>, main=<bound method BuildVerb.main of <colcon_core.verb.build.BuildVerb object at 0x7bd2f4176fc0>>, mixin_verb=('build',))
[0.301s] Level 1:colcon.colcon_core.package_discovery:discover_packages(colcon_meta) check parameters
[0.301s] Level 1:colcon.colcon_core.package_discovery:discover_packages(recursive) check parameters
[0.301s] Level 1:colcon.colcon_core.package_discovery:discover_packages(ignore) check parameters
[0.301s] Level 1:colcon.colcon_core.package_discovery:discover_packages(path) check parameters
[0.301s] Level 1:colcon.colcon_core.package_discovery:discover_packages(colcon_meta) discover
[0.301s] Level 1:colcon.colcon_core.package_discovery:discover_packages(recursive) discover
[0.301s] INFO:colcon.colcon_core.package_discovery:Crawling recursively for packages in '/home/mihret-k/Desktop/RE_1st/Research Track/Practice/ros2_ws/src/assignment1_rt'
[0.301s] Level 1:colcon.colcon_core.package_identification:_identify(.) by extensions ['ignore', 'ignore_ament_install']
[0.302s] Level 1:colcon.colcon_core.package_identification:_identify(.) by extension 'ignore'
[0.302s] Level 1:colcon.colcon_core.package_identification:_identify(.) by extension 'ignore_ament_install'
[0.302s] Level 1:colcon.colcon_core.package_identification:_identify(.) by extensions ['colcon_pkg']
[0.302s] Level 1:colcon.colcon_core.package_identification:_identify(.) by extension 'colcon_pkg'
[0.302s] Level 1:colcon.colcon_core.package_identification:_identify(.) by extensions ['colcon_meta']
[0.302s] Level 1:colcon.colcon_core.package_identification:_identify(.) by extension 'colcon_meta'
[0.302s] Level 1:colcon.colcon_core.package_identification:_identify(.) by extensions ['ros']
[0.302s] Level 1:colcon.colcon_core.package_identification:_identify(.) by extension 'ros'
[0.346s] DEBUG:colcon.colcon_core.package_identification:Package '.' with type 'ros.ament_cmake' and name 'assignment1_rt'
[0.346s] Level 1:colcon.colcon_core.package_discovery:discover_packages(recursive) using defaults
[0.346s] Level 1:colcon.colcon_core.package_discovery:discover_packages(ignore) discover
[0.346s] Level 1:colcon.colcon_core.package_discovery:discover_packages(ignore) using defaults
[0.346s] Level 1:colcon.colcon_core.package_discovery:discover_packages(path) discover
[0.346s] Level 1:colcon.colcon_core.package_discovery:discover_packages(path) using defaults
[0.380s] Level 1:colcon.colcon_core.package_discovery:discover_packages(prefix_path) check parameters
[0.380s] Level 1:colcon.colcon_core.package_discovery:discover_packages(prefix_path) discover
[0.386s] DEBUG:colcon.colcon_installed_package_information.package_discovery:Found 285 installed packages in /opt/ros/jazzy
[0.387s] Level 1:colcon.colcon_core.package_discovery:discover_packages(prefix_path) using defaults
[0.453s] Level 5:colcon.colcon_core.verb:set package 'assignment1_rt' build argument 'cmake_args' from command line to 'None'
[0.453s] Level 5:colcon.colcon_core.verb:set package 'assignment1_rt' build argument 'cmake_target' from command line to 'None'
[0.453s] Level 5:colcon.colcon_core.verb:set package 'assignment1_rt' build argument 'cmake_target_skip_unavailable' from command line to 'False'
[0.453s] Level 5:colcon.colcon_core.verb:set package 'assignment1_rt' build argument 'cmake_clean_cache' from command line to 'False'
[0.454s] Level 5:colcon.colcon_core.verb:set package 'assignment1_rt' build argument 'cmake_clean_first' from command line to 'False'
[0.454s] Level 5:colcon.colcon_core.verb:set package 'assignment1_rt' build argument 'cmake_force_configure' from command line to 'False'
[0.454s] Level 5:colcon.colcon_core.verb:set package 'assignment1_rt' build argument 'ament_cmake_args' from command line to 'None'
[0.454s] Level 5:colcon.colcon_core.verb:set package 'assignment1_rt' build argument 'catkin_cmake_args' from command line to 'None'
[0.454s] Level 5:colcon.colcon_core.verb:set package 'assignment1_rt' build argument 'catkin_skip_building_tests' from command line to 'False'
[0.454s] DEBUG:colcon.colcon_core.verb:Building package 'assignment1_rt' with the following arguments: {'ament_cmake_args': None, 'build_base': '/home/mihret-k/Desktop/RE_1st/Research Track/Practice/ros2_ws/src/assignment1_rt/build/assignment1_rt', 'catkin_cmake_args': None, 'catkin_skip_building_tests': False, 'cmake_args': None, 'cmake_clean_cache': False, 'cmake_clean_first': False, 'cmake_force_configure': False, 'cmake_target': None, 'cmake_target_skip_unavailable': False, 'install_base': '/home/mihret-k/Desktop/RE_1st/Research Track/Practice/ros2_ws/src/assignment1_rt/install/assignment1_rt', 'merge_install': False, 'path': '/home/mihret-k/Desktop/RE_1st/Research Track/Practice/ros2_ws/src/assignment1_rt', 'symlink_install': False, 'test_result_base': None}
[0.454s] INFO:colcon.colcon_core.executor:Executing jobs using 'parallel' executor
[0.455s] DEBUG:colcon.colcon_parallel_executor.executor.parallel:run_until_complete
[0.456s] INFO:colcon.colcon_ros.task.ament_cmake.build:Building ROS package in '/home/mihret-k/Desktop/RE_1st/Research Track/Practice/ros2_ws/src/assignment1_rt' with build type 'ament_cmake'
[0.456s] INFO:colcon.colcon_cmake.task.cmake.build:Building CMake package in '/home/mihret-k/Desktop/RE_1st/Research Track/Practice/ros2_ws/src/assignment1_rt'
[0.462s] INFO:colcon.colcon_core.plugin_system:Skipping extension 'colcon_core.shell.bat': Not used on non-Windows systems
[0.462s] INFO:colcon.colcon_core.shell:Skip shell extension 'powershell' for command environment: Not usable outside of PowerShell
[0.462s] DEBUG:colcon.colcon_core.shell:Skip shell extension 'dsv' for command environment
[0.475s] DEBUG:colcon.colcon_core.event_handler.log_command:Invoking command in '/home/mihret-k/Desktop/RE_1st/Research Track/Practice/ros2_ws/src/assignment1_rt/build/assignment1_rt': CMAKE_PREFIX_PATH=${CMAKE_PREFIX_PATH}:/opt/ros/jazzy DEBUGINFOD_URLS=https://debuginfod.ubuntu.com /usr/bin/cmake /home/mihret-k/Desktop/RE_1st/Research Track/Practice/ros2_ws/src/assignment1_rt -DCMAKE_INSTALL_PREFIX=/home/mihret-k/Desktop/RE_1st/Research Track/Practice/ros2_ws/src/assignment1_rt/install/assignment1_rt
[1.958s] DEBUG:colcon.colcon_core.event_handler.log_command:Invoked command in '/home/mihret-k/Desktop/RE_1st/Research Track/Practice/ros2_ws/src/assignment1_rt/build/assignment1_rt' returned '0': CMAKE_PREFIX_PATH=${CMAKE_PREFIX_PATH}:/opt/ros/jazzy DEBUGINFOD_URLS=https://debuginfod.ubuntu.com /usr/bin/cmake /home/mihret-k/Desktop/RE_1st/Research Track/Practice/ros2_ws/src/assignment1_rt -DCMAKE_INSTALL_PREFIX=/home/mihret-k/Desktop/RE_1st/Research Track/Practice/ros2_ws/src/assignment1_rt/install/assignment1_rt
[1.962s] DEBUG:colcon.colcon_core.event_handler.log_command:Invoking command in '/home/mihret-k/Desktop/RE_1st/Research Track/Practice/ros2_ws/src/assignment1_rt/build/assignment1_rt': CMAKE_PREFIX_PATH=${CMAKE_PREFIX_PATH}:/opt/ros/jazzy DEBUGINFOD_URLS=https://debuginfod.ubuntu.com /usr/bin/cmake --build /home/mihret-k/Desktop/RE_1st/Research Track/Practice/ros2_ws/src/assignment1_rt/build/assignment1_rt -- -j16 -l16
[2.037s] DEBUG:colcon.colcon_core.event_handler.log_command:Invoked command in '/home/mihret-k/Desktop/RE_1st/Research Track/Practice/ros2_ws/src/assignment1_rt/build/assignment1_rt' returned '0': CMAKE_PREFIX_PATH=${CMAKE_PREFIX_PATH}:/opt/ros/jazzy DEBUGINFOD_URLS=https://debuginfod.ubuntu.com /usr/bin/cmake --build /home/mihret-k/Desktop/RE_1st/Research Track/Practice/ros2_ws/src/assignment1_rt/build/assignment1_rt -- -j16 -l16
[2.056s] DEBUG:colcon.colcon_core.event_handler.log_command:Invoking command in '/home/mihret-k/Desktop/RE_1st/Research Track/Practice/ros2_ws/src/assignment1_rt/build/assignment1_rt': CMAKE_PREFIX_PATH=${CMAKE_PREFIX_PATH}:/opt/ros/jazzy DEBUGINFOD_URLS=https://debuginfod.ubuntu.com /usr/bin/cmake --install /home/mihret-k/Desktop/RE_1st/Research Track/Practice/ros2_ws/src/assignment1_rt/build/assignment1_rt
[2.080s] Level 1:colcon.colcon_core.environment:create_environment_scripts_only(assignment1_rt)
[2.081s] DEBUG:colcon.colcon_core.event_handler.log_command:Invoked command in '/home/mihret-k/Desktop/RE_1st/Research Track/Practice/ros2_ws/src/assignment1_rt/build/assignment1_rt' returned '0': CMAKE_PREFIX_PATH=${CMAKE_PREFIX_PATH}:/opt/ros/jazzy DEBUGINFOD_URLS=https://debuginfod.ubuntu.com /usr/bin/cmake --install /home/mihret-k/Desktop/RE_1st/Research Track/Practice/ros2_ws/src/assignment1_rt/build/assignment1_rt
[2.089s] Level 1:colcon.colcon_core.environment:checking '/home/mihret-k/Desktop/RE_1st/Research Track/Practice/ros2_ws/src/assignment1_rt/install/assignment1_rt' for CMake module files
[2.089s] Level 1:colcon.colcon_core.environment:checking '/home/mihret-k/Desktop/RE_1st/Research Track/Practice/ros2_ws/src/assignment1_rt/install/assignment1_rt' for CMake config files
[2.090s] Level 1:colcon.colcon_core.shell:create_environment_hook('assignment1_rt', 'cmake_prefix_path')
[2.090s] INFO:colcon.colcon_core.shell:Creating environment hook '/home/mihret-k/Desktop/RE_1st/Research Track/Practice/ros2_ws/src/assignment1_rt/install/assignment1_rt/share/assignment1_rt/hook/cmake_prefix_path.ps1'
[2.091s] INFO:colcon.colcon_core.shell:Creating environment descriptor '/home/mihret-k/Desktop/RE_1st/Research Track/Practice/ros2_ws/src/assignment1_rt/install/assignment1_rt/share/assignment1_rt/hook/cmake_prefix_path.dsv'
[2.092s] INFO:colcon.colcon_core.shell:Creating environment hook '/home/mihret-k/Desktop/RE_1st/Research Track/Practice/ros2_ws/src/assignment1_rt/install/assignment1_rt/share/assignment1_rt/hook/cmake_prefix_path.sh'
[2.093s] Level 1:colcon.colcon_core.environment:checking '/home/mihret-k/Desktop/RE_1st/Research Track/Practice/ros2_ws/src/assignment1_rt/install/assignment1_rt/bin'
[2.093s] Level 1:colcon.colcon_core.environment:checking '/home/mihret-k/Desktop/RE_1st/Research Track/Practice/ros2_ws/src/assignment1_rt/install/assignment1_rt/lib/pkgconfig/assignment1_rt.pc'
[2.093s] Level 1:colcon.colcon_core.environment:checking '/home/mihret-k/Desktop/RE_1st/Research Track/Practice/ros2_ws/src/assignment1_rt/install/assignment1_rt/lib/python3.12/site-packages'
[2.094s] Level 1:colcon.colcon_core.environment:checking '/home/mihret-k/Desktop/RE_1st/Research Track/Practice/ros2_ws/src/assignment1_rt/install/assignment1_rt/bin'
[2.094s] INFO:colcon.colcon_core.shell:Creating package script '/home/mihret-k/Desktop/RE_1st/Research Track/Practice/ros2_ws/src/assignment1_rt/install/assignment1_rt/share/assignment1_rt/package.ps1'
[2.095s] INFO:colcon.colcon_core.shell:Creating package descriptor '/home/mihret-k/Desktop/RE_1st/Research Track/Practice/ros2_ws/src/assignment1_rt/install/assignment1_rt/share/assignment1_rt/package.dsv'
[2.096s] INFO:colcon.colcon_core.shell:Creating package script '/home/mihret-k/Desktop/RE_1st/Research Track/Practice/ros2_ws/src/assignment1_rt/install/assignment1_rt/share/assignment1_rt/package.sh'
[2.097s] INFO:colcon.colcon_core.shell:Creating package script '/home/mihret-k/Desktop/RE_1st/Research Track/Practice/ros2_ws/src/assignment1_rt/install/assignment1_rt/share/assignment1_rt/package.bash'
[2.098s] INFO:colcon.colcon_core.shell:Creating package script '/home/mihret-k/Desktop/RE_1st/Research Track/Practice/ros2_ws/src/assignment1_rt/install/assignment1_rt/share/assignment1_rt/package.zsh'
[2.099s] Level 1:colcon.colcon_core.environment:create_file_with_runtime_dependencies(/home/mihret-k/Desktop/RE_1st/Research Track/Practice/ros2_ws/src/assignment1_rt/install/assignment1_rt/share/colcon-core/packages/assignment1_rt)
[2.100s] Level 1:colcon.colcon_core.environment:create_environment_scripts_only(assignment1_rt)
[2.100s] Level 1:colcon.colcon_core.environment:checking '/home/mihret-k/Desktop/RE_1st/Research Track/Practice/ros2_ws/src/assignment1_rt/install/assignment1_rt' for CMake module files
[2.101s] Level 1:colcon.colcon_core.environment:checking '/home/mihret-k/Desktop/RE_1st/Research Track/Practice/ros2_ws/src/assignment1_rt/install/assignment1_rt' for CMake config files
[2.102s] Level 1:colcon.colcon_core.shell:create_environment_hook('assignment1_rt', 'cmake_prefix_path')
[2.102s] INFO:colcon.colcon_core.shell:Creating environment hook '/home/mihret-k/Desktop/RE_1st/Research Track/Practice/ros2_ws/src/assignment1_rt/install/assignment1_rt/share/assignment1_rt/hook/cmake_prefix_path.ps1'
[2.102s] INFO:colcon.colcon_core.shell:Creating environment descriptor '/home/mihret-k/Desktop/RE_1st/Research Track/Practice/ros2_ws/src/assignment1_rt/install/assignment1_rt/share/assignment1_rt/hook/cmake_prefix_path.dsv'
[2.103s] INFO:colcon.colcon_core.shell:Creating environment hook '/home/mihret-k/Desktop/RE_1st/Research Track/Practice/ros2_ws/src/assignment1_rt/install/assignment1_rt/share/assignment1_rt/hook/cmake_prefix_path.sh'
[2.104s] Level 1:colcon.colcon_core.environment:checking '/home/mihret-k/Desktop/RE_1st/Research Track/Practice/ros2_ws/src/assignment1_rt/install/assignment1_rt/bin'
[2.104s] Level 1:colcon.colcon_core.environment:checking '/home/mihret-k/Desktop/RE_1st/Research Track/Practice/ros2_ws/src/assignment1_rt/install/assignment1_rt/lib/pkgconfig/assignment1_rt.pc'
[2.104s] Level 1:colcon.colcon_core.environment:checking '/home/mihret-k/Desktop/RE_1st/Research Track/Practice/ros2_ws/src/assignment1_rt/install/assignment1_rt/lib/python3.12/site-packages'
[2.105s] Level 1:colcon.colcon_core.environment:checking '/home/mihret-k/Desktop/RE_1st/Research Track/Practice/ros2_ws/src/assignment1_rt/install/assignment1_rt/bin'
[2.105s] INFO:colcon.colcon_core.shell:Creating package script '/home/mihret-k/Desktop/RE_1st/Research Track/Practice/ros2_ws/src/assignment1_rt/install/assignment1_rt/share/assignment1_rt/package.ps1'
[2.106s] INFO:colcon.colcon_core.shell:Creating package descriptor '/home/mihret-k/Desktop/RE_1st/Research Track/Practice/ros2_ws/src/assignment1_rt/install/assignment1_rt/share/assignment1_rt/package.dsv'
[2.107s] INFO:colcon.colcon_core.shell:Creating package script '/home/mihret-k/Desktop/RE_1st/Research Track/Practice/ros2_ws/src/assignment1_rt/install/assignment1_rt/share/assignment1_rt/package.sh'
[2.107s] INFO:colcon.colcon_core.shell:Creating package script '/home/mihret-k/Desktop/RE_1st/Research Track/Practice/ros2_ws/src/assignment1_rt/install/assignment1_rt/share/assignment1_rt/package.bash'
[2.108s] INFO:colcon.colcon_core.shell:Creating package script '/home/mihret-k/Desktop/RE_1st/Research Track/Practice/ros2_ws/src/assignment1_rt/install/assignment1_rt/share/assignment1_rt/package.zsh'
[2.109s] Level 1:colcon.colcon_core.environment:create_file_with_runtime_dependencies(/home/mihret-k/Desktop/RE_1st/Research Track/Practice/ros2_ws/src/assignment1_rt/install/assignment1_rt/share/colcon-core/packages/assignment1_rt)
[2.109s] DEBUG:colcon.colcon_parallel_executor.executor.parallel:closing loop
[2.110s] DEBUG:colcon.colcon_parallel_executor.executor.parallel:loop closed
[2.110s] DEBUG:colcon.colcon_parallel_executor.executor.parallel:run_until_complete finished with '0'
[2.110s] DEBUG:colcon.colcon_core.event_reactor:joining thread
[2.118s] INFO:colcon.colcon_core.plugin_system:Skipping extension 'colcon_notification.desktop_notification.terminal_notifier': Not used on non-Darwin systems
[2.119s] INFO:colcon.colcon_core.plugin_system:Skipping extension 'colcon_notification.desktop_notification.win32': Not used on non-Windows systems
[2.119s] INFO:colcon.colcon_notification.desktop_notification:Sending desktop notification using 'notify2'
[2.152s] DEBUG:colcon.colcon_core.event_reactor:joined thread
[2.152s] INFO:colcon.colcon_core.shell:Creating prefix script '/home/mihret-k/Desktop/RE_1st/Research Track/Practice/ros2_ws/src/assignment1_rt/install/local_setup.ps1'
[2.154s] INFO:colcon.colcon_core.shell:Creating prefix util module '/home/mihret-k/Desktop/RE_1st/Research Track/Practice/ros2_ws/src/assignment1_rt/install/_local_setup_util_ps1.py'
[2.155s] INFO:colcon.colcon_core.shell:Creating prefix chain script '/home/mihret-k/Desktop/RE_1st/Research Track/Practice/ros2_ws/src/assignment1_rt/install/setup.ps1'
[2.157s] INFO:colcon.colcon_core.shell:Creating prefix script '/home/mihret-k/Desktop/RE_1st/Research Track/Practice/ros2_ws/src/assignment1_rt/install/local_setup.sh'
[2.158s] INFO:colcon.colcon_core.shell:Creating prefix util module '/home/mihret-k/Desktop/RE_1st/Research Track/Practice/ros2_ws/src/assignment1_rt/install/_local_setup_util_sh.py'
[2.159s] INFO:colcon.colcon_core.shell:Creating prefix chain script '/home/mihret-k/Desktop/RE_1st/Research Track/Practice/ros2_ws/src/assignment1_rt/install/setup.sh'
[2.160s] INFO:colcon.colcon_core.shell:Creating prefix script '/home/mihret-k/Desktop/RE_1st/Research Track/Practice/ros2_ws/src/assignment1_rt/install/local_setup.bash'
[2.161s] INFO:colcon.colcon_core.shell:Creating prefix chain script '/home/mihret-k/Desktop/RE_1st/Research Track/Practice/ros2_ws/src/assignment1_rt/install/setup.bash'
[2.162s] INFO:colcon.colcon_core.shell:Creating prefix script '/home/mihret-k/Desktop/RE_1st/Research Track/Practice/ros2_ws/src/assignment1_rt/install/local_setup.zsh'
[2.163s] INFO:colcon.colcon_core.shell:Creating prefix chain script '/home/mihret-k/Desktop/RE_1st/Research Track/Practice/ros2_ws/src/assignment1_rt/install/setup.zsh'
