[0.018s] Invoking command in '/home/mihret-k/Desktop/RE_1st/Research Track/Practice/ros2_ws/src/assignment1_rt/build/assignment1_rt': CMAKE_PREFIX_PATH=${CMAKE_PREFIX_PATH}:/opt/ros/jazzy DEBUGINFOD_URLS=https://debuginfod.ubuntu.com /usr/bin/cmake /home/mihret-k/Desktop/RE_1st/Research Track/Practice/ros2_ws/src/assignment1_rt -DCMAKE_INSTALL_PREFIX=/home/mihret-k/Desktop/RE_1st/Research Track/Practice/ros2_ws/src/assignment1_rt/install/assignment1_rt
[0.203s] -- The C compiler identification is GNU 13.3.0
[0.343s] -- The CXX compiler identification is GNU 13.3.0
[0.378s] -- Detecting C compiler ABI info
[0.553s] -- Detecting C compiler ABI info - done
[0.569s] -- Check for working C compiler: /usr/bin/cc - skipped
[0.571s] -- Detecting C compile features
[0.572s] -- Detecting C compile features - done
[0.591s] -- Detecting CXX compiler ABI info
[0.775s] -- Detecting CXX compiler ABI info - done
[0.792s] -- Check for working CXX compiler: /usr/bin/c++ - skipped
[0.793s] -- Detecting CXX compile features
[0.794s] -- Detecting CXX compile features - done
[0.809s] -- Found ament_cmake: 2.5.4 (/opt/ros/jazzy/share/ament_cmake/cmake)
[1.055s] -- Found Python3: /usr/bin/python3 (found version "3.12.3") found components: Interpreter 
[1.244s] -- Found ament_lint_auto: 0.17.3 (/opt/ros/jazzy/share/ament_lint_auto/cmake)
[1.444s] -- Added test 'cppcheck' to perform static code analysis on C / C++ code
[1.445s] -- Configured cppcheck include dirs: 
[1.445s] -- Configured cppcheck exclude dirs and/or files: 
[1.453s] -- Added test 'lint_cmake' to check CMake code style
[1.475s] -- Added test 'uncrustify' to check C / C++ code style
[1.475s] -- Configured uncrustify additional arguments: 
[1.478s] -- Added test 'xmllint' to check XML markup files
[1.481s] -- Configuring done (1.4s)
[1.489s] -- Generating done (0.0s)
[1.493s] -- Build files have been written to: /home/mihret-k/Desktop/RE_1st/Research Track/Practice/ros2_ws/src/assignment1_rt/build/assignment1_rt
[1.502s] Invoked command in '/home/mihret-k/Desktop/RE_1st/Research Track/Practice/ros2_ws/src/assignment1_rt/build/assignment1_rt' returned '0': CMAKE_PREFIX_PATH=${CMAKE_PREFIX_PATH}:/opt/ros/jazzy DEBUGINFOD_URLS=https://debuginfod.ubuntu.com /usr/bin/cmake /home/mihret-k/Desktop/RE_1st/Research Track/Practice/ros2_ws/src/assignment1_rt -DCMAKE_INSTALL_PREFIX=/home/mihret-k/Desktop/RE_1st/Research Track/Practice/ros2_ws/src/assignment1_rt/install/assignment1_rt
[1.505s] Invoking command in '/home/mihret-k/Desktop/RE_1st/Research Track/Practice/ros2_ws/src/assignment1_rt/build/assignment1_rt': CMAKE_PREFIX_PATH=${CMAKE_PREFIX_PATH}:/opt/ros/jazzy DEBUGINFOD_URLS=https://debuginfod.ubuntu.com /usr/bin/cmake --build /home/mihret-k/Desktop/RE_1st/Research Track/Practice/ros2_ws/src/assignment1_rt/build/assignment1_rt -- -j16 -l16
[1.581s] Invoked command in '/home/mihret-k/Desktop/RE_1st/Research Track/Practice/ros2_ws/src/assignment1_rt/build/assignment1_rt' returned '0': CMAKE_PREFIX_PATH=${CMAKE_PREFIX_PATH}:/opt/ros/jazzy DEBUGINFOD_URLS=https://debuginfod.ubuntu.com /usr/bin/cmake --build /home/mihret-k/Desktop/RE_1st/Research Track/Practice/ros2_ws/src/assignment1_rt/build/assignment1_rt -- -j16 -l16
[1.600s] Invoking command in '/home/mihret-k/Desktop/RE_1st/Research Track/Practice/ros2_ws/src/assignment1_rt/build/assignment1_rt': CMAKE_PREFIX_PATH=${CMAKE_PREFIX_PATH}:/opt/ros/jazzy DEBUGINFOD_URLS=https://debuginfod.ubuntu.com /usr/bin/cmake --install /home/mihret-k/Desktop/RE_1st/Research Track/Practice/ros2_ws/src/assignment1_rt/build/assignment1_rt
[1.615s] -- Install configuration: ""
[1.616s] -- Installing: /home/mihret-k/Desktop/RE_1st/Research Track/Practice/ros2_ws/src/assignment1_rt/install/assignment1_rt/share/ament_index/resource_index/package_run_dependencies/assignment1_rt
[1.616s] -- Installing: /home/mihret-k/Desktop/RE_1st/Research Track/Practice/ros2_ws/src/assignment1_rt/install/assignment1_rt/share/ament_index/resource_index/parent_prefix_path/assignment1_rt
[1.617s] -- Installing: /home/mihret-k/Desktop/RE_1st/Research Track/Practice/ros2_ws/src/assignment1_rt/install/assignment1_rt/share/assignment1_rt/environment/ament_prefix_path.sh
[1.617s] -- Installing: /home/mihret-k/Desktop/RE_1st/Research Track/Practice/ros2_ws/src/assignment1_rt/install/assignment1_rt/share/assignment1_rt/environment/ament_prefix_path.dsv
[1.617s] -- Installing: /home/mihret-k/Desktop/RE_1st/Research Track/Practice/ros2_ws/src/assignment1_rt/install/assignment1_rt/share/assignment1_rt/environment/path.sh
[1.618s] -- Installing: /home/mihret-k/Desktop/RE_1st/Research Track/Practice/ros2_ws/src/assignment1_rt/install/assignment1_rt/share/assignment1_rt/environment/path.dsv
[1.618s] -- Installing: /home/mihret-k/Desktop/RE_1st/Research Track/Practice/ros2_ws/src/assignment1_rt/install/assignment1_rt/share/assignment1_rt/local_setup.bash
[1.618s] -- Installing: /home/mihret-k/Desktop/RE_1st/Research Track/Practice/ros2_ws/src/assignment1_rt/install/assignment1_rt/share/assignment1_rt/local_setup.sh
[1.619s] -- Installing: /home/mihret-k/Desktop/RE_1st/Research Track/Practice/ros2_ws/src/assignment1_rt/install/assignment1_rt/share/assignment1_rt/local_setup.zsh
[1.619s] -- Installing: /home/mihret-k/Desktop/RE_1st/Research Track/Practice/ros2_ws/src/assignment1_rt/install/assignment1_rt/share/assignment1_rt/local_setup.dsv
[1.620s] -- Installing: /home/mihret-k/Desktop/RE_1st/Research Track/Practice/ros2_ws/src/assignment1_rt/install/assignment1_rt/share/assignment1_rt/package.dsv
[1.620s] -- Installing: /home/mihret-k/Desktop/RE_1st/Research Track/Practice/ros2_ws/src/assignment1_rt/install/assignment1_rt/share/ament_index/resource_index/packages/assignment1_rt
[1.620s] -- Installing: /home/mihret-k/Desktop/RE_1st/Research Track/Practice/ros2_ws/src/assignment1_rt/install/assignment1_rt/share/assignment1_rt/cmake/assignment1_rtConfig.cmake
[1.620s] -- Installing: /home/mihret-k/Desktop/RE_1st/Research Track/Practice/ros2_ws/src/assignment1_rt/install/assignment1_rt/share/assignment1_rt/cmake/assignment1_rtConfig-version.cmake
[1.621s] -- Installing: /home/mihret-k/Desktop/RE_1st/Research Track/Practice/ros2_ws/src/assignment1_rt/install/assignment1_rt/share/assignment1_rt/package.xml
[1.624s] Invoked command in '/home/mihret-k/Desktop/RE_1st/Research Track/Practice/ros2_ws/src/assignment1_rt/build/assignment1_rt' returned '0': CMAKE_PREFIX_PATH=${CMAKE_PREFIX_PATH}:/opt/ros/jazzy DEBUGINFOD_URLS=https://debuginfod.ubuntu.com /usr/bin/cmake --install /home/mihret-k/Desktop/RE_1st/Research Track/Practice/ros2_ws/src/assignment1_rt/build/assignment1_rt
