[0.012s] Invoking command in '/home/mihret-k/Desktop/RE_1st/Research Track/Practice/ros2_ws/src/assignment1_rt/build/assignment1_rt': CMAKE_PREFIX_PATH=${CMAKE_PREFIX_PATH}:/opt/ros/jazzy DEBUGINFOD_URLS=https://debuginfod.ubuntu.com /usr/bin/cmake --build /home/mihret-k/Desktop/RE_1st/Research Track/Practice/ros2_ws/src/assignment1_rt/build/assignment1_rt -- -j16 -l16
[0.105s] [ 50%] [32mBuilding CXX object CMakeFiles/ui_node.dir/src/ui_node.cpp.o[0m
[3.479s] [100%] [32m[1mLinking CXX executable ui_node[0m
[3.626s] [100%] Built target ui_node
[3.638s] Invoked command in '/home/mihret-k/Desktop/RE_1st/Research Track/Practice/ros2_ws/src/assignment1_rt/build/assignment1_rt' returned '0': CMAKE_PREFIX_PATH=${CMAKE_PREFIX_PATH}:/opt/ros/jazzy DEBUGINFOD_URLS=https://debuginfod.ubuntu.com /usr/bin/cmake --build /home/mihret-k/Desktop/RE_1st/Research Track/Practice/ros2_ws/src/assignment1_rt/build/assignment1_rt -- -j16 -l16
[3.647s] Invoking command in '/home/mihret-k/Desktop/RE_1st/Research Track/Practice/ros2_ws/src/assignment1_rt/build/assignment1_rt': CMAKE_PREFIX_PATH=${CMAKE_PREFIX_PATH}:/opt/ros/jazzy DEBUGINFOD_URLS=https://debuginfod.ubuntu.com /usr/bin/cmake --install /home/mihret-k/Desktop/RE_1st/Research Track/Practice/ros2_ws/src/assignment1_rt/build/assignment1_rt
[3.656s] -- Install configuration: ""
[3.656s] -- Installing: /home/mihret-k/Desktop/RE_1st/Research Track/Practice/ros2_ws/src/assignment1_rt/install/assignment1_rt/lib/assignment1_rt/ui_node
[3.657s] -- Set non-toolchain portion of runtime path of "/home/mihret-k/Desktop/RE_1st/Research Track/Practice/ros2_ws/src/assignment1_rt/install/assignment1_rt/lib/assignment1_rt/ui_node" to ""
[3.657s] -- Installing: /home/mihret-k/Desktop/RE_1st/Research Track/Practice/ros2_ws/src/assignment1_rt/install/assignment1_rt/share/ament_index/resource_index/package_run_dependencies/assignment1_rt
[3.658s] -- Up-to-date: /home/mihret-k/Desktop/RE_1st/Research Track/Practice/ros2_ws/src/assignment1_rt/install/assignment1_rt/share/ament_index/resource_index/parent_prefix_path/assignment1_rt
[3.659s] -- Up-to-date: /home/mihret-k/Desktop/RE_1st/Research Track/Practice/ros2_ws/src/assignment1_rt/install/assignment1_rt/share/assignment1_rt/environment/ament_prefix_path.sh
[3.659s] -- Up-to-date: /home/mihret-k/Desktop/RE_1st/Research Track/Practice/ros2_ws/src/assignment1_rt/install/assignment1_rt/share/assignment1_rt/environment/ament_prefix_path.dsv
[3.659s] -- Up-to-date: /home/mihret-k/Desktop/RE_1st/Research Track/Practice/ros2_ws/src/assignment1_rt/install/assignment1_rt/share/assignment1_rt/environment/path.sh
[3.659s] -- Up-to-date: /home/mihret-k/Desktop/RE_1st/Research Track/Practice/ros2_ws/src/assignment1_rt/install/assignment1_rt/share/assignment1_rt/environment/path.dsv
[3.659s] -- Up-to-date: /home/mihret-k/Desktop/RE_1st/Research Track/Practice/ros2_ws/src/assignment1_rt/install/assignment1_rt/share/assignment1_rt/local_setup.bash
[3.659s] -- Up-to-date: /home/mihret-k/Desktop/RE_1st/Research Track/Practice/ros2_ws/src/assignment1_rt/install/assignment1_rt/share/assignment1_rt/local_setup.sh
[3.659s] -- Up-to-date: /home/mihret-k/Desktop/RE_1st/Research Track/Practice/ros2_ws/src/assignment1_rt/install/assignment1_rt/share/assignment1_rt/local_setup.zsh
[3.659s] -- Up-to-date: /home/mihret-k/Desktop/RE_1st/Research Track/Practice/ros2_ws/src/assignment1_rt/install/assignment1_rt/share/assignment1_rt/local_setup.dsv
[3.659s] -- Installing: /home/mihret-k/Desktop/RE_1st/Research Track/Practice/ros2_ws/src/assignment1_rt/install/assignment1_rt/share/assignment1_rt/package.dsv
[3.660s] -- Up-to-date: /home/mihret-k/Desktop/RE_1st/Research Track/Practice/ros2_ws/src/assignment1_rt/install/assignment1_rt/share/ament_index/resource_index/packages/assignment1_rt
[3.660s] -- Up-to-date: /home/mihret-k/Desktop/RE_1st/Research Track/Practice/ros2_ws/src/assignment1_rt/install/assignment1_rt/share/assignment1_rt/cmake/assignment1_rtConfig.cmake
[3.660s] -- Up-to-date: /home/mihret-k/Desktop/RE_1st/Research Track/Practice/ros2_ws/src/assignment1_rt/install/assignment1_rt/share/assignment1_rt/cmake/assignment1_rtConfig-version.cmake
[3.660s] -- Installing: /home/mihret-k/Desktop/RE_1st/Research Track/Practice/ros2_ws/src/assignment1_rt/install/assignment1_rt/share/assignment1_rt/package.xml
[3.663s] Invoked command in '/home/mihret-k/Desktop/RE_1st/Research Track/Practice/ros2_ws/src/assignment1_rt/build/assignment1_rt' returned '0': CMAKE_PREFIX_PATH=${CMAKE_PREFIX_PATH}:/opt/ros/jazzy DEBUGINFOD_URLS=https://debuginfod.ubuntu.com /usr/bin/cmake --install /home/mihret-k/Desktop/RE_1st/Research Track/Practice/ros2_ws/src/assignment1_rt/build/assignment1_rt
